[31mCMake Error at /opt/ros/humble/share/rosidl_adapter/cmake/rosidl_adapt_interfaces.cmake:59 (message):
  execute_process(/home/ak47k98/anaconda3/envs/yolov5/bin/python3 -m
  rosidl_adapter --package-name bboxes_ex_msgs --arguments-file
  /home/ak47k98/class home for
  team/2024-winter-vacation-task/ws_yolov5/build/bboxes_ex_msgs/rosidl_adapter__arguments__bboxes_ex_msgs.json
  --output-dir /home/ak47k98/class home for
  team/2024-winter-vacation-task/ws_yolov5/build/bboxes_ex_msgs/rosidl_adapter/bboxes_ex_msgs
  --output-file /home/ak47k98/class home for
  team/2024-winter-vacation-task/ws_yolov5/build/bboxes_ex_msgs/rosidl_adapter/bboxes_ex_msgs.idls)
  returned error code 1:

  Traceback (most recent call last):

    File "/home/ak47k98/anaconda3/envs/yolov5/lib/python3.8/runpy.py", line 194, in _run_module_as_main
      return _run_code(code, main_globals, None,
    File "/home/ak47k98/anaconda3/envs/yolov5/lib/python3.8/runpy.py", line 87, in _run_code
      exec(code, run_globals)
    File "/opt/ros/humble/local/lib/python3.10/dist-packages/rosidl_adapter/__main__.py", line 19, in <module>
      sys.exit(main())
    File "/opt/ros/humble/local/lib/python3.10/dist-packages/rosidl_adapter/main.py", line 53, in main
      abs_idl_file = convert_to_idl(
    File "/opt/ros/humble/local/lib/python3.10/dist-packages/rosidl_adapter/__init__.py", line 18, in convert_to_idl
      from rosidl_adapter.msg import convert_msg_to_idl
    File "/opt/ros/humble/local/lib/python3.10/dist-packages/rosidl_adapter/msg/__init__.py", line 16, in <module>
      from rosidl_adapter.resource import expand_template
    File "/opt/ros/humble/local/lib/python3.10/dist-packages/rosidl_adapter/resource/__init__.py", line 19, in <module>
      import em

  ModuleNotFoundError: No module named 'em'

Call Stack (most recent call first):
  /opt/ros/humble/share/rosidl_cmake/cmake/rosidl_generate_interfaces.cmake:130 (rosidl_adapt_interfaces)
  CMakeLists.txt:11 (rosidl_generate_interfaces)

[0m
